<?xml version="1.0" encoding="UTF-8"?>
<!-- Generated by org.testng.reporters.JUnitReportReporter -->
<testsuite hostname="LE15-GNK1-IND" failures="0" tests="1" name="gayatriproject.Mavenjava.AppTest" time="0.000" errors="0" timestamp="2022-02-08T17:40:47 IST" skipped="0">
  <testcase classname="gayatriproject.Mavenjava.AppTest" name="shouldAnswerWithTrue" time="0.000"/>
  <system-out/>
</testsuite> <!-- gayatriproject.Mavenjava.AppTest -->
