<?xml version="1.0" encoding="UTF-8"?>
<!-- Generated by org.testng.reporters.JUnitReportReporter -->
<testsuite hostname="LE15-GNK1-IND" failures="0" tests="2" name="gayatriproject.Mavenjava.RESTApiTest" time="0.000" errors="0" timestamp="2022-02-08T20:38:24 IST" skipped="0">
  <testcase classname="gayatriproject.Mavenjava.RESTApiTest" name="postJira" time="0.000"/>
  <system-out/>
  <testcase classname="gayatriproject.Mavenjava.RESTApiTest" name="deleteTwitter" time="0.000"/>
  <system-out/>
</testsuite> <!-- gayatriproject.Mavenjava.RESTApiTest -->
