<?xml version="1.0" encoding="UTF-8"?>
<!-- Generated by org.testng.reporters.JUnitReportReporter -->
<testsuite hostname="LE15-GNK1-IND" failures="0" tests="2" name="gayatriproject.Mavenjava.SeleniumTest" time="0.002" errors="0" timestamp="2022-02-08T20:38:24 IST" skipped="0">
  <testcase classname="gayatriproject.Mavenjava.SeleniumTest" name="BrowserAutomation" time="0.001"/>
  <system-out/>
  <testcase classname="gayatriproject.Mavenjava.SeleniumTest" name="elementsUI" time="0.001"/>
  <system-out/>
</testsuite> <!-- gayatriproject.Mavenjava.SeleniumTest -->
