<?xml version="1.0" encoding="UTF-8"?>
<!-- Generated by org.testng.reporters.JUnitReportReporter -->
<testsuite hostname="LE15-GNK1-IND" failures="0" tests="2" name="gayatriproject.Mavenjava.AppiumTest" time="0.010" errors="0" timestamp="2022-02-08T20:38:24 IST" skipped="0">
  <testcase classname="gayatriproject.Mavenjava.AppiumTest" name="IOSApps" time="0.005"/>
  <system-out/>
  <testcase classname="gayatriproject.Mavenjava.AppiumTest" name="NativeAppAndroid" time="0.005"/>
  <system-out/>
</testsuite> <!-- gayatriproject.Mavenjava.AppiumTest -->
